<?xml version="1.0" encoding="UTF-8"?>
<testng-results ignored="0" total="21" passed="18" failed="1" skipped="2">
  <reporter-output>
  </reporter-output>
  <suite started-at="2024-05-06T21:16:55 COT" name="Surefire suite" finished-at="2024-05-06T21:20:39 COT" duration-ms="223753">
    <groups>
      <group name="sauce-demo-login">
        <method signature="LoginTests.invalidLoginTest()[pri:0, instance:automation.saucedemo.LoginTests@2954b5ea]" name="invalidLoginTest" class="automation.saucedemo.LoginTests"/>
        <method signature="LoginTests.verifyLoginPageTest()[pri:0, instance:automation.saucedemo.LoginTests@2954b5ea]" name="verifyLoginPageTest" class="automation.saucedemo.LoginTests"/>
      </group> <!-- sauce-demo-login -->
      <group name="sauce-demo-item-details">
        <method signature="ItemDetailsTests.backToProductsTest()[pri:0, instance:automation.saucedemo.ItemDetailsTests@65753040]" name="backToProductsTest" class="automation.saucedemo.ItemDetailsTests"/>
        <method signature="ItemDetailsTests.itemDetailsTest()[pri:0, instance:automation.saucedemo.ItemDetailsTests@65753040]" name="itemDetailsTest" class="automation.saucedemo.ItemDetailsTests"/>
      </group> <!-- sauce-demo-item-details -->
      <group name="sauce-demo-automation">
        <method signature="BurgerMenuTests.aboutButtonTest()[pri:0, instance:automation.saucedemo.BurgerMenuTests@8ff5094]" name="aboutButtonTest" class="automation.saucedemo.BurgerMenuTests"/>
        <method signature="BurgerMenuTests.logoutTest()[pri:0, instance:automation.saucedemo.BurgerMenuTests@8ff5094]" name="logoutTest" class="automation.saucedemo.BurgerMenuTests"/>
        <method signature="FooterTests.socialMediaLinksTest()[pri:0, instance:automation.saucedemo.FooterTests@730e5763]" name="socialMediaLinksTest" class="automation.saucedemo.FooterTests"/>
        <method signature="ItemDetailsTests.backToProductsTest()[pri:0, instance:automation.saucedemo.ItemDetailsTests@65753040]" name="backToProductsTest" class="automation.saucedemo.ItemDetailsTests"/>
        <method signature="ItemDetailsTests.itemDetailsTest()[pri:0, instance:automation.saucedemo.ItemDetailsTests@65753040]" name="itemDetailsTest" class="automation.saucedemo.ItemDetailsTests"/>
        <method signature="LoginTests.invalidLoginTest()[pri:0, instance:automation.saucedemo.LoginTests@2954b5ea]" name="invalidLoginTest" class="automation.saucedemo.LoginTests"/>
        <method signature="LoginTests.verifyLoginPageTest()[pri:0, instance:automation.saucedemo.LoginTests@2954b5ea]" name="verifyLoginPageTest" class="automation.saucedemo.LoginTests"/>
        <method signature="SauceDemoTests.aboutLinkTest()[pri:0, instance:automation.saucedemo.SauceDemoTests@4acb2510]" name="aboutLinkTest" class="automation.saucedemo.SauceDemoTests"/>
        <method signature="SauceDemoTests.deleteCookiesTest()[pri:0, instance:automation.saucedemo.SauceDemoTests@4acb2510]" name="deleteCookiesTest" class="automation.saucedemo.SauceDemoTests"/>
        <method signature="SauceDemoTests.facebookLinkTest()[pri:0, instance:automation.saucedemo.SauceDemoTests@4acb2510]" name="facebookLinkTest" class="automation.saucedemo.SauceDemoTests"/>
        <method signature="SauceDemoTests.getCookieTest()[pri:0, instance:automation.saucedemo.SauceDemoTests@4acb2510]" name="getCookieTest" class="automation.saucedemo.SauceDemoTests"/>
        <method signature="SauceDemoTests.invalidUserTest()[pri:0, instance:automation.saucedemo.SauceDemoTests@4acb2510]" name="invalidUserTest" class="automation.saucedemo.SauceDemoTests"/>
        <method signature="SauceDemoTests.itemDetailTest()[pri:0, instance:automation.saucedemo.SauceDemoTests@4acb2510]" name="itemDetailTest" class="automation.saucedemo.SauceDemoTests"/>
        <method signature="SauceDemoTests.linkedinLinkTest()[pri:0, instance:automation.saucedemo.SauceDemoTests@4acb2510]" name="linkedinLinkTest" class="automation.saucedemo.SauceDemoTests"/>
        <method signature="SauceDemoTests.logoutTest()[pri:0, instance:automation.saucedemo.SauceDemoTests@4acb2510]" name="logoutTest" class="automation.saucedemo.SauceDemoTests"/>
        <method signature="SauceDemoTests.relativeLocatorAddToCardTest()[pri:0, instance:automation.saucedemo.SauceDemoTests@4acb2510]" name="relativeLocatorAddToCardTest" class="automation.saucedemo.SauceDemoTests"/>
        <method signature="SauceDemoTests.relativeLocatorPriceTest()[pri:0, instance:automation.saucedemo.SauceDemoTests@4acb2510]" name="relativeLocatorPriceTest" class="automation.saucedemo.SauceDemoTests"/>
        <method signature="SauceDemoTests.selectDescendingTest()[pri:0, instance:automation.saucedemo.SauceDemoTests@4acb2510]" name="selectDescendingTest" class="automation.saucedemo.SauceDemoTests"/>
        <method signature="SauceDemoTests.selectPriceTest()[pri:0, instance:automation.saucedemo.SauceDemoTests@4acb2510]" name="selectPriceTest" class="automation.saucedemo.SauceDemoTests"/>
        <method signature="SauceDemoTests.validUserTest()[pri:0, instance:automation.saucedemo.SauceDemoTests@4acb2510]" name="validUserTest" class="automation.saucedemo.SauceDemoTests"/>
        <method signature="ShoppingTests.verifyShoppingPageTest()[pri:0, instance:automation.saucedemo.ShoppingTests@7be3a9ce]" name="verifyShoppingPageTest" class="automation.saucedemo.ShoppingTests"/>
      </group> <!-- sauce-demo-automation -->
      <group name="sauce-demo-footer">
        <method signature="FooterTests.socialMediaLinksTest()[pri:0, instance:automation.saucedemo.FooterTests@730e5763]" name="socialMediaLinksTest" class="automation.saucedemo.FooterTests"/>
      </group> <!-- sauce-demo-footer -->
      <group name="sauce-demo-burger-menu">
        <method signature="BurgerMenuTests.aboutButtonTest()[pri:0, instance:automation.saucedemo.BurgerMenuTests@8ff5094]" name="aboutButtonTest" class="automation.saucedemo.BurgerMenuTests"/>
        <method signature="BurgerMenuTests.logoutTest()[pri:0, instance:automation.saucedemo.BurgerMenuTests@8ff5094]" name="logoutTest" class="automation.saucedemo.BurgerMenuTests"/>
      </group> <!-- sauce-demo-burger-menu -->
      <group name="sauce-demo-shopping">
        <method signature="ShoppingTests.verifyShoppingPageTest()[pri:0, instance:automation.saucedemo.ShoppingTests@7be3a9ce]" name="verifyShoppingPageTest" class="automation.saucedemo.ShoppingTests"/>
      </group> <!-- sauce-demo-shopping -->
    </groups>
    <test started-at="2024-05-06T21:16:55 COT" name="Surefire test" finished-at="2024-05-06T21:20:39 COT" duration-ms="223753">
      <class name="automation.saucedemo.ShoppingTests">
        <test-method is-config="true" signature="masterSetUp()[pri:0, instance:automation.saucedemo.ShoppingTests@7be3a9ce]" started-at="2024-05-06T21:20:33 COT" name="masterSetUp" finished-at="2024-05-06T21:20:36 COT" duration-ms="2909" status="PASS">
          <reporter-output>
          </reporter-output>
        </test-method> <!-- masterSetUp -->
        <test-method is-config="true" signature="setUp()[pri:0, instance:automation.saucedemo.ShoppingTests@7be3a9ce]" started-at="2024-05-06T21:20:36 COT" name="setUp" finished-at="2024-05-06T21:20:38 COT" duration-ms="2310" status="PASS">
          <reporter-output>
          </reporter-output>
        </test-method> <!-- setUp -->
        <test-method signature="verifyShoppingPageTest()[pri:0, instance:automation.saucedemo.ShoppingTests@7be3a9ce]" started-at="2024-05-06T21:20:38 COT" name="verifyShoppingPageTest" finished-at="2024-05-06T21:20:38 COT" duration-ms="147" status="PASS">
          <reporter-output>
          </reporter-output>
        </test-method> <!-- verifyShoppingPageTest -->
        <test-method is-config="true" signature="masterTearDown()[pri:0, instance:automation.saucedemo.ShoppingTests@7be3a9ce]" started-at="2024-05-06T21:20:38 COT" name="masterTearDown" finished-at="2024-05-06T21:20:39 COT" duration-ms="422" status="PASS">
          <reporter-output>
          </reporter-output>
        </test-method> <!-- masterTearDown -->
      </class> <!-- automation.saucedemo.ShoppingTests -->
      <class name="automation.saucedemo.SauceDemoTests">
        <test-method is-config="true" signature="masterSetUp()[pri:0, instance:automation.saucedemo.SauceDemoTests@4acb2510]" started-at="2024-05-06T21:18:47 COT" name="masterSetUp" finished-at="2024-05-06T21:18:51 COT" duration-ms="3985" status="PASS">
          <reporter-output>
          </reporter-output>
        </test-method> <!-- masterSetUp -->
        <test-method signature="aboutLinkTest()[pri:0, instance:automation.saucedemo.SauceDemoTests@4acb2510]" started-at="2024-05-06T21:18:51 COT" name="aboutLinkTest" finished-at="2024-05-06T21:19:08 COT" duration-ms="16398" status="FAIL">
          <exception class="org.openqa.selenium.WebDriverException">
            <message>
              <![CDATA[unknown error: net::ERR_NAME_NOT_RESOLVED
  (Session info: chrome=121.0.6167.161)
Build info: version: '4.20.0', revision: '866c76ca80'
System info: os.name: 'Windows 10', os.arch: 'amd64', os.version: '10.0', java.version: '18.0.1.1'
Driver info: org.openqa.selenium.chrome.ChromeDriver
Command: [f0b80bcb33a0306d7881b5a91c0b4468, get {url=https://www.saucedemo.com/}]
Capabilities {acceptInsecureCerts: false, browserName: chrome, browserVersion: 121.0.6167.161, chrome: {chromedriverVersion: 121.0.6167.184 (057a8ae7deb..., userDataDir: C:\Users\SuperUs\AppData\Lo...}, fedcm:accounts: true, goog:chromeOptions: {debuggerAddress: localhost:53439}, networkConnectionEnabled: false, pageLoadStrategy: normal, platformName: windows, proxy: Proxy(), se:cdp: ws://localhost:53439/devtoo..., se:cdpVersion: 121.0.6167.161, setWindowRect: true, strictFileInteractability: false, timeouts: {implicit: 0, pageLoad: 300000, script: 30000}, unhandledPromptBehavior: dismiss and notify, webauthn:extension:credBlob: true, webauthn:extension:largeBlob: true, webauthn:extension:minPinLength: true, webauthn:extension:prf: true, webauthn:virtualAuthenticators: true}
Session ID: f0b80bcb33a0306d7881b5a91c0b4468]]>
            </message>
            <full-stacktrace>
              <![CDATA[org.openqa.selenium.WebDriverException: unknown error: net::ERR_NAME_NOT_RESOLVED
  (Session info: chrome=121.0.6167.161)
Build info: version: '4.20.0', revision: '866c76ca80'
System info: os.name: 'Windows 10', os.arch: 'amd64', os.version: '10.0', java.version: '18.0.1.1'
Driver info: org.openqa.selenium.chrome.ChromeDriver
Command: [f0b80bcb33a0306d7881b5a91c0b4468, get {url=https://www.saucedemo.com/}]
Capabilities {acceptInsecureCerts: false, browserName: chrome, browserVersion: 121.0.6167.161, chrome: {chromedriverVersion: 121.0.6167.184 (057a8ae7deb..., userDataDir: C:\Users\SuperUs\AppData\Lo...}, fedcm:accounts: true, goog:chromeOptions: {debuggerAddress: localhost:53439}, networkConnectionEnabled: false, pageLoadStrategy: normal, platformName: windows, proxy: Proxy(), se:cdp: ws://localhost:53439/devtoo..., se:cdpVersion: 121.0.6167.161, setWindowRect: true, strictFileInteractability: false, timeouts: {implicit: 0, pageLoad: 300000, script: 30000}, unhandledPromptBehavior: dismiss and notify, webauthn:extension:credBlob: true, webauthn:extension:largeBlob: true, webauthn:extension:minPinLength: true, webauthn:extension:prf: true, webauthn:virtualAuthenticators: true}
Session ID: f0b80bcb33a0306d7881b5a91c0b4468
at java.base/jdk.internal.reflect.DirectConstructorHandleAccessor.newInstance(DirectConstructorHandleAccessor.java:67)
at java.base/java.lang.reflect.Constructor.newInstanceWithCaller(Constructor.java:499)
at java.base/java.lang.reflect.Constructor.newInstance(Constructor.java:483)
at org.openqa.selenium.remote.ErrorCodec.decode(ErrorCodec.java:167)
at org.openqa.selenium.remote.codec.w3c.W3CHttpResponseCodec.decode(W3CHttpResponseCodec.java:138)
at org.openqa.selenium.remote.codec.w3c.W3CHttpResponseCodec.decode(W3CHttpResponseCodec.java:50)
at org.openqa.selenium.remote.HttpCommandExecutor.execute(HttpCommandExecutor.java:190)
at org.openqa.selenium.remote.service.DriverCommandExecutor.invokeExecute(DriverCommandExecutor.java:216)
at org.openqa.selenium.remote.service.DriverCommandExecutor.execute(DriverCommandExecutor.java:174)
at org.openqa.selenium.remote.RemoteWebDriver.execute(RemoteWebDriver.java:518)
at org.openqa.selenium.remote.RemoteWebDriver.get(RemoteWebDriver.java:300)
at automation.saucedemo.SauceDemoTests.aboutLinkTest(SauceDemoTests.java:254)
at java.base/jdk.internal.reflect.DirectMethodHandleAccessor.invoke(DirectMethodHandleAccessor.java:104)
at java.base/java.lang.reflect.Method.invoke(Method.java:577)
at org.testng.internal.invokers.MethodInvocationHelper.invokeMethod(MethodInvocationHelper.java:141)
at org.testng.internal.invokers.TestInvoker.invokeMethod(TestInvoker.java:686)
at org.testng.internal.invokers.TestInvoker.invokeTestMethod(TestInvoker.java:230)
at org.testng.internal.invokers.MethodRunner.runInSequence(MethodRunner.java:63)
at org.testng.internal.invokers.TestInvoker$MethodInvocationAgent.invoke(TestInvoker.java:992)
at org.testng.internal.invokers.TestInvoker.invokeTestMethods(TestInvoker.java:203)
at org.testng.internal.invokers.TestMethodWorker.invokeTestMethods(TestMethodWorker.java:154)
at org.testng.internal.invokers.TestMethodWorker.run(TestMethodWorker.java:134)
at java.base/java.util.ArrayList.forEach(ArrayList.java:1511)
at org.testng.TestRunner.privateRun(TestRunner.java:739)
at org.testng.TestRunner.run(TestRunner.java:614)
at org.testng.SuiteRunner.runTest(SuiteRunner.java:421)
at org.testng.SuiteRunner.runSequentially(SuiteRunner.java:413)
at org.testng.SuiteRunner.privateRun(SuiteRunner.java:373)
at org.testng.SuiteRunner.run(SuiteRunner.java:312)
at org.testng.SuiteRunnerWorker.runSuite(SuiteRunnerWorker.java:52)
at org.testng.SuiteRunnerWorker.run(SuiteRunnerWorker.java:95)
at org.testng.TestNG.runSuitesSequentially(TestNG.java:1274)
at org.testng.TestNG.runSuitesLocally(TestNG.java:1208)
at org.testng.TestNG.runSuites(TestNG.java:1112)
at org.testng.TestNG.run(TestNG.java:1079)
at org.apache.maven.surefire.testng.TestNGExecutor.run(TestNGExecutor.java:136)
at org.apache.maven.surefire.testng.TestNGDirectoryTestSuite.executeMulti(TestNGDirectoryTestSuite.java:193)
at org.apache.maven.surefire.testng.TestNGDirectoryTestSuite.execute(TestNGDirectoryTestSuite.java:94)
at org.apache.maven.surefire.testng.TestNGProvider.invoke(TestNGProvider.java:145)
at org.apache.maven.surefire.booter.ForkedBooter.runSuitesInProcess(ForkedBooter.java:428)
at org.apache.maven.surefire.booter.ForkedBooter.execute(ForkedBooter.java:162)
at org.apache.maven.surefire.booter.ForkedBooter.run(ForkedBooter.java:562)
at org.apache.maven.surefire.booter.ForkedBooter.main(ForkedBooter.java:548)
]]>
            </full-stacktrace>
          </exception> <!-- org.openqa.selenium.WebDriverException -->
          <reporter-output>
          </reporter-output>
        </test-method> <!-- aboutLinkTest -->
        <test-method is-config="true" signature="masterTearDown()[pri:0, instance:automation.saucedemo.SauceDemoTests@4acb2510]" started-at="2024-05-06T21:19:12 COT" name="masterTearDown" finished-at="2024-05-06T21:19:14 COT" duration-ms="2403" status="PASS">
          <reporter-output>
          </reporter-output>
        </test-method> <!-- masterTearDown -->
        <test-method is-config="true" signature="masterSetUp()[pri:0, instance:automation.saucedemo.SauceDemoTests@4acb2510]" started-at="2024-05-06T21:19:14 COT" name="masterSetUp" finished-at="2024-05-06T21:19:18 COT" duration-ms="3655" status="PASS">
          <reporter-output>
          </reporter-output>
        </test-method> <!-- masterSetUp -->
        <test-method signature="deleteCookiesTest()[pri:0, instance:automation.saucedemo.SauceDemoTests@4acb2510]" started-at="2024-05-06T21:19:18 COT" name="deleteCookiesTest" finished-at="2024-05-06T21:19:21 COT" duration-ms="2865" status="PASS">
          <reporter-output>
          </reporter-output>
        </test-method> <!-- deleteCookiesTest -->
        <test-method is-config="true" signature="masterTearDown()[pri:0, instance:automation.saucedemo.SauceDemoTests@4acb2510]" started-at="2024-05-06T21:19:21 COT" name="masterTearDown" finished-at="2024-05-06T21:19:21 COT" duration-ms="531" status="PASS">
          <reporter-output>
          </reporter-output>
        </test-method> <!-- masterTearDown -->
        <test-method is-config="true" signature="masterSetUp()[pri:0, instance:automation.saucedemo.SauceDemoTests@4acb2510]" started-at="2024-05-06T21:19:21 COT" name="masterSetUp" finished-at="2024-05-06T21:19:24 COT" duration-ms="3046" status="PASS">
          <reporter-output>
          </reporter-output>
        </test-method> <!-- masterSetUp -->
        <test-method signature="facebookLinkTest()[pri:0, instance:automation.saucedemo.SauceDemoTests@4acb2510]" started-at="2024-05-06T21:19:24 COT" name="facebookLinkTest" finished-at="2024-05-06T21:19:28 COT" duration-ms="3684" status="PASS">
          <reporter-output>
          </reporter-output>
        </test-method> <!-- facebookLinkTest -->
        <test-method is-config="true" signature="masterTearDown()[pri:0, instance:automation.saucedemo.SauceDemoTests@4acb2510]" started-at="2024-05-06T21:19:28 COT" name="masterTearDown" finished-at="2024-05-06T21:19:29 COT" duration-ms="849" status="PASS">
          <reporter-output>
          </reporter-output>
        </test-method> <!-- masterTearDown -->
        <test-method is-config="true" signature="masterSetUp()[pri:0, instance:automation.saucedemo.SauceDemoTests@4acb2510]" started-at="2024-05-06T21:19:29 COT" name="masterSetUp" finished-at="2024-05-06T21:19:32 COT" duration-ms="3180" status="PASS">
          <reporter-output>
          </reporter-output>
        </test-method> <!-- masterSetUp -->
        <test-method signature="getCookieTest()[pri:0, instance:automation.saucedemo.SauceDemoTests@4acb2510]" started-at="2024-05-06T21:19:32 COT" name="getCookieTest" finished-at="2024-05-06T21:19:34 COT" duration-ms="2406" status="PASS">
          <reporter-output>
          </reporter-output>
        </test-method> <!-- getCookieTest -->
        <test-method is-config="true" signature="masterTearDown()[pri:0, instance:automation.saucedemo.SauceDemoTests@4acb2510]" started-at="2024-05-06T21:19:34 COT" name="masterTearDown" finished-at="2024-05-06T21:19:35 COT" duration-ms="540" status="PASS">
          <reporter-output>
          </reporter-output>
        </test-method> <!-- masterTearDown -->
        <test-method is-config="true" signature="masterSetUp()[pri:0, instance:automation.saucedemo.SauceDemoTests@4acb2510]" started-at="2024-05-06T21:19:35 COT" name="masterSetUp" finished-at="2024-05-06T21:19:38 COT" duration-ms="2921" status="PASS">
          <reporter-output>
          </reporter-output>
        </test-method> <!-- masterSetUp -->
        <test-method signature="invalidUserTest()[pri:0, instance:automation.saucedemo.SauceDemoTests@4acb2510]" started-at="2024-05-06T21:19:38 COT" name="invalidUserTest" finished-at="2024-05-06T21:19:41 COT" duration-ms="2625" status="PASS">
          <reporter-output>
          </reporter-output>
        </test-method> <!-- invalidUserTest -->
        <test-method is-config="true" signature="masterTearDown()[pri:0, instance:automation.saucedemo.SauceDemoTests@4acb2510]" started-at="2024-05-06T21:19:41 COT" name="masterTearDown" finished-at="2024-05-06T21:19:41 COT" duration-ms="451" status="PASS">
          <reporter-output>
          </reporter-output>
        </test-method> <!-- masterTearDown -->
        <test-method is-config="true" signature="masterSetUp()[pri:0, instance:automation.saucedemo.SauceDemoTests@4acb2510]" started-at="2024-05-06T21:19:41 COT" name="masterSetUp" finished-at="2024-05-06T21:19:44 COT" duration-ms="3005" status="PASS">
          <reporter-output>
          </reporter-output>
        </test-method> <!-- masterSetUp -->
        <test-method signature="itemDetailTest()[pri:0, instance:automation.saucedemo.SauceDemoTests@4acb2510]" started-at="2024-05-06T21:19:44 COT" name="itemDetailTest" finished-at="2024-05-06T21:19:48 COT" duration-ms="3536" status="PASS">
          <reporter-output>
          </reporter-output>
        </test-method> <!-- itemDetailTest -->
        <test-method is-config="true" signature="masterTearDown()[pri:0, instance:automation.saucedemo.SauceDemoTests@4acb2510]" started-at="2024-05-06T21:19:48 COT" name="masterTearDown" finished-at="2024-05-06T21:19:48 COT" duration-ms="427" status="PASS">
          <reporter-output>
          </reporter-output>
        </test-method> <!-- masterTearDown -->
        <test-method is-config="true" signature="masterSetUp()[pri:0, instance:automation.saucedemo.SauceDemoTests@4acb2510]" started-at="2024-05-06T21:19:48 COT" name="masterSetUp" finished-at="2024-05-06T21:19:51 COT" duration-ms="2850" status="PASS">
          <reporter-output>
          </reporter-output>
        </test-method> <!-- masterSetUp -->
        <test-method signature="linkedinLinkTest()[pri:0, instance:automation.saucedemo.SauceDemoTests@4acb2510]" started-at="2024-05-06T21:19:51 COT" name="linkedinLinkTest" finished-at="2024-05-06T21:19:54 COT" duration-ms="2749" status="PASS">
          <reporter-output>
          </reporter-output>
        </test-method> <!-- linkedinLinkTest -->
        <test-method is-config="true" signature="masterTearDown()[pri:0, instance:automation.saucedemo.SauceDemoTests@4acb2510]" started-at="2024-05-06T21:19:54 COT" name="masterTearDown" finished-at="2024-05-06T21:19:54 COT" duration-ms="542" status="PASS">
          <reporter-output>
          </reporter-output>
        </test-method> <!-- masterTearDown -->
        <test-method is-config="true" signature="masterSetUp()[pri:0, instance:automation.saucedemo.SauceDemoTests@4acb2510]" started-at="2024-05-06T21:19:54 COT" name="masterSetUp" finished-at="2024-05-06T21:19:57 COT" duration-ms="3006" status="PASS">
          <reporter-output>
          </reporter-output>
        </test-method> <!-- masterSetUp -->
        <test-method signature="logoutTest()[pri:0, instance:automation.saucedemo.SauceDemoTests@4acb2510]" started-at="2024-05-06T21:19:57 COT" name="logoutTest" finished-at="2024-05-06T21:20:01 COT" duration-ms="3418" status="PASS">
          <reporter-output>
          </reporter-output>
        </test-method> <!-- logoutTest -->
        <test-method is-config="true" signature="masterTearDown()[pri:0, instance:automation.saucedemo.SauceDemoTests@4acb2510]" started-at="2024-05-06T21:20:01 COT" name="masterTearDown" finished-at="2024-05-06T21:20:01 COT" duration-ms="401" status="PASS">
          <reporter-output>
          </reporter-output>
        </test-method> <!-- masterTearDown -->
        <test-method is-config="true" signature="masterSetUp()[pri:0, instance:automation.saucedemo.SauceDemoTests@4acb2510]" started-at="2024-05-06T21:20:01 COT" name="masterSetUp" finished-at="2024-05-06T21:20:04 COT" duration-ms="3094" status="PASS">
          <reporter-output>
          </reporter-output>
        </test-method> <!-- masterSetUp -->
        <test-method signature="relativeLocatorAddToCardTest()[pri:0, instance:automation.saucedemo.SauceDemoTests@4acb2510]" started-at="2024-05-06T21:20:04 COT" name="relativeLocatorAddToCardTest" finished-at="2024-05-06T21:20:07 COT" duration-ms="3197" status="PASS">
          <reporter-output>
          </reporter-output>
        </test-method> <!-- relativeLocatorAddToCardTest -->
        <test-method is-config="true" signature="masterTearDown()[pri:0, instance:automation.saucedemo.SauceDemoTests@4acb2510]" started-at="2024-05-06T21:20:07 COT" name="masterTearDown" finished-at="2024-05-06T21:20:08 COT" duration-ms="393" status="PASS">
          <reporter-output>
          </reporter-output>
        </test-method> <!-- masterTearDown -->
        <test-method is-config="true" signature="masterSetUp()[pri:0, instance:automation.saucedemo.SauceDemoTests@4acb2510]" started-at="2024-05-06T21:20:08 COT" name="masterSetUp" finished-at="2024-05-06T21:20:11 COT" duration-ms="3029" status="PASS">
          <reporter-output>
          </reporter-output>
        </test-method> <!-- masterSetUp -->
        <test-method signature="relativeLocatorPriceTest()[pri:0, instance:automation.saucedemo.SauceDemoTests@4acb2510]" started-at="2024-05-06T21:20:11 COT" name="relativeLocatorPriceTest" finished-at="2024-05-06T21:20:14 COT" duration-ms="2785" status="PASS">
          <reporter-output>
          </reporter-output>
        </test-method> <!-- relativeLocatorPriceTest -->
        <test-method is-config="true" signature="masterTearDown()[pri:0, instance:automation.saucedemo.SauceDemoTests@4acb2510]" started-at="2024-05-06T21:20:14 COT" name="masterTearDown" finished-at="2024-05-06T21:20:14 COT" duration-ms="394" status="PASS">
          <reporter-output>
          </reporter-output>
        </test-method> <!-- masterTearDown -->
        <test-method is-config="true" signature="masterSetUp()[pri:0, instance:automation.saucedemo.SauceDemoTests@4acb2510]" started-at="2024-05-06T21:20:14 COT" name="masterSetUp" finished-at="2024-05-06T21:20:17 COT" duration-ms="2907" status="PASS">
          <reporter-output>
          </reporter-output>
        </test-method> <!-- masterSetUp -->
        <test-method signature="selectDescendingTest()[pri:0, instance:automation.saucedemo.SauceDemoTests@4acb2510]" started-at="2024-05-06T21:20:17 COT" name="selectDescendingTest" finished-at="2024-05-06T21:20:20 COT" duration-ms="3058" status="PASS">
          <reporter-output>
          </reporter-output>
        </test-method> <!-- selectDescendingTest -->
        <test-method is-config="true" signature="masterTearDown()[pri:0, instance:automation.saucedemo.SauceDemoTests@4acb2510]" started-at="2024-05-06T21:20:20 COT" name="masterTearDown" finished-at="2024-05-06T21:20:20 COT" duration-ms="408" status="PASS">
          <reporter-output>
          </reporter-output>
        </test-method> <!-- masterTearDown -->
        <test-method is-config="true" signature="masterSetUp()[pri:0, instance:automation.saucedemo.SauceDemoTests@4acb2510]" started-at="2024-05-06T21:20:20 COT" name="masterSetUp" finished-at="2024-05-06T21:20:23 COT" duration-ms="2869" status="PASS">
          <reporter-output>
          </reporter-output>
        </test-method> <!-- masterSetUp -->
        <test-method signature="selectPriceTest()[pri:0, instance:automation.saucedemo.SauceDemoTests@4acb2510]" started-at="2024-05-06T21:20:23 COT" name="selectPriceTest" finished-at="2024-05-06T21:20:26 COT" duration-ms="3166" status="PASS">
          <reporter-output>
          </reporter-output>
        </test-method> <!-- selectPriceTest -->
        <test-method is-config="true" signature="masterTearDown()[pri:0, instance:automation.saucedemo.SauceDemoTests@4acb2510]" started-at="2024-05-06T21:20:26 COT" name="masterTearDown" finished-at="2024-05-06T21:20:27 COT" duration-ms="412" status="PASS">
          <reporter-output>
          </reporter-output>
        </test-method> <!-- masterTearDown -->
        <test-method is-config="true" signature="masterSetUp()[pri:0, instance:automation.saucedemo.SauceDemoTests@4acb2510]" started-at="2024-05-06T21:20:27 COT" name="masterSetUp" finished-at="2024-05-06T21:20:30 COT" duration-ms="2903" status="PASS">
          <reporter-output>
          </reporter-output>
        </test-method> <!-- masterSetUp -->
        <test-method signature="validUserTest()[pri:0, instance:automation.saucedemo.SauceDemoTests@4acb2510]" started-at="2024-05-06T21:20:30 COT" name="validUserTest" finished-at="2024-05-06T21:20:32 COT" duration-ms="2722" status="PASS">
          <reporter-output>
          </reporter-output>
        </test-method> <!-- validUserTest -->
        <test-method is-config="true" signature="masterTearDown()[pri:0, instance:automation.saucedemo.SauceDemoTests@4acb2510]" started-at="2024-05-06T21:20:32 COT" name="masterTearDown" finished-at="2024-05-06T21:20:33 COT" duration-ms="597" status="PASS">
          <reporter-output>
          </reporter-output>
        </test-method> <!-- masterTearDown -->
      </class> <!-- automation.saucedemo.SauceDemoTests -->
      <class name="automation.saucedemo.LoginTests">
        <test-method is-config="true" signature="masterSetUp()[pri:0, instance:automation.saucedemo.LoginTests@2954b5ea]" started-at="2024-05-06T21:17:39 COT" name="masterSetUp" finished-at="2024-05-06T21:17:42 COT" duration-ms="2884" status="PASS">
          <reporter-output>
          </reporter-output>
        </test-method> <!-- masterSetUp -->
        <test-method is-config="true" signature="setUp()[pri:0, instance:automation.saucedemo.LoginTests@2954b5ea]" started-at="2024-05-06T21:17:42 COT" name="setUp" finished-at="2024-05-06T21:18:18 COT" duration-ms="36032" status="FAIL">
          <exception class="org.openqa.selenium.TimeoutException">
            <message>
              <![CDATA[Expected condition failed: waiting for visibility of element located by By.id: user-name (tried for 5 second(s) with 500 milliseconds interval)
Build info: version: '4.20.0', revision: '866c76ca80'
System info: os.name: 'Windows 10', os.arch: 'amd64', os.version: '10.0', java.version: '18.0.1.1'
Driver info: org.openqa.selenium.chrome.ChromeDriver
Capabilities {acceptInsecureCerts: false, browserName: chrome, browserVersion: 121.0.6167.161, chrome: {chromedriverVersion: 121.0.6167.184 (057a8ae7deb..., userDataDir: C:\Users\SuperUs\AppData\Lo...}, fedcm:accounts: true, goog:chromeOptions: {debuggerAddress: localhost:58077}, networkConnectionEnabled: false, pageLoadStrategy: normal, platformName: windows, proxy: Proxy(), se:cdp: ws://localhost:58077/devtoo..., se:cdpVersion: 121.0.6167.161, setWindowRect: true, strictFileInteractability: false, timeouts: {implicit: 0, pageLoad: 300000, script: 30000}, unhandledPromptBehavior: dismiss and notify, webauthn:extension:credBlob: true, webauthn:extension:largeBlob: true, webauthn:extension:minPinLength: true, webauthn:extension:prf: true, webauthn:virtualAuthenticators: true}
Session ID: 2e5217c347db12975879067fc3011e69]]>
            </message>
            <full-stacktrace>
              <![CDATA[org.openqa.selenium.TimeoutException: Expected condition failed: waiting for visibility of element located by By.id: user-name (tried for 5 second(s) with 500 milliseconds interval)
Build info: version: '4.20.0', revision: '866c76ca80'
System info: os.name: 'Windows 10', os.arch: 'amd64', os.version: '10.0', java.version: '18.0.1.1'
Driver info: org.openqa.selenium.chrome.ChromeDriver
Capabilities {acceptInsecureCerts: false, browserName: chrome, browserVersion: 121.0.6167.161, chrome: {chromedriverVersion: 121.0.6167.184 (057a8ae7deb..., userDataDir: C:\Users\SuperUs\AppData\Lo...}, fedcm:accounts: true, goog:chromeOptions: {debuggerAddress: localhost:58077}, networkConnectionEnabled: false, pageLoadStrategy: normal, platformName: windows, proxy: Proxy(), se:cdp: ws://localhost:58077/devtoo..., se:cdpVersion: 121.0.6167.161, setWindowRect: true, strictFileInteractability: false, timeouts: {implicit: 0, pageLoad: 300000, script: 30000}, unhandledPromptBehavior: dismiss and notify, webauthn:extension:credBlob: true, webauthn:extension:largeBlob: true, webauthn:extension:minPinLength: true, webauthn:extension:prf: true, webauthn:virtualAuthenticators: true}
Session ID: 2e5217c347db12975879067fc3011e69
at org.openqa.selenium.support.ui.WebDriverWait.timeoutException(WebDriverWait.java:84)
at org.openqa.selenium.support.ui.FluentWait.until(FluentWait.java:228)
at utilities.BasePage.waitPage(BasePage.java:32)
at pages.saucedemo.LoginPage.waitPageToLoad(LoginPage.java:18)
at utilities.CommonFlows.goToLoginPage(CommonFlows.java:26)
at automation.saucedemo.LoginTests.setUp(LoginTests.java:14)
at java.base/jdk.internal.reflect.DirectMethodHandleAccessor.invoke(DirectMethodHandleAccessor.java:104)
at java.base/java.lang.reflect.Method.invoke(Method.java:577)
at org.testng.internal.invokers.MethodInvocationHelper.invokeMethod(MethodInvocationHelper.java:141)
at org.testng.internal.invokers.MethodInvocationHelper.invokeMethodConsideringTimeout(MethodInvocationHelper.java:71)
at org.testng.internal.invokers.ConfigInvoker.invokeConfigurationMethod(ConfigInvoker.java:400)
at org.testng.internal.invokers.ConfigInvoker.invokeConfigurations(ConfigInvoker.java:333)
at org.testng.internal.invokers.TestInvoker.runConfigMethods(TestInvoker.java:833)
at org.testng.internal.invokers.TestInvoker.invokeMethod(TestInvoker.java:600)
at org.testng.internal.invokers.TestInvoker.invokeTestMethod(TestInvoker.java:230)
at org.testng.internal.invokers.MethodRunner.runInSequence(MethodRunner.java:63)
at org.testng.internal.invokers.TestInvoker$MethodInvocationAgent.invoke(TestInvoker.java:992)
at org.testng.internal.invokers.TestInvoker.invokeTestMethods(TestInvoker.java:203)
at org.testng.internal.invokers.TestMethodWorker.invokeTestMethods(TestMethodWorker.java:154)
at org.testng.internal.invokers.TestMethodWorker.run(TestMethodWorker.java:134)
at java.base/java.util.ArrayList.forEach(ArrayList.java:1511)
at org.testng.TestRunner.privateRun(TestRunner.java:739)
at org.testng.TestRunner.run(TestRunner.java:614)
at org.testng.SuiteRunner.runTest(SuiteRunner.java:421)
at org.testng.SuiteRunner.runSequentially(SuiteRunner.java:413)
at org.testng.SuiteRunner.privateRun(SuiteRunner.java:373)
at org.testng.SuiteRunner.run(SuiteRunner.java:312)
at org.testng.SuiteRunnerWorker.runSuite(SuiteRunnerWorker.java:52)
at org.testng.SuiteRunnerWorker.run(SuiteRunnerWorker.java:95)
at org.testng.TestNG.runSuitesSequentially(TestNG.java:1274)
at org.testng.TestNG.runSuitesLocally(TestNG.java:1208)
at org.testng.TestNG.runSuites(TestNG.java:1112)
at org.testng.TestNG.run(TestNG.java:1079)
at org.apache.maven.surefire.testng.TestNGExecutor.run(TestNGExecutor.java:136)
at org.apache.maven.surefire.testng.TestNGDirectoryTestSuite.executeMulti(TestNGDirectoryTestSuite.java:193)
at org.apache.maven.surefire.testng.TestNGDirectoryTestSuite.execute(TestNGDirectoryTestSuite.java:94)
at org.apache.maven.surefire.testng.TestNGProvider.invoke(TestNGProvider.java:145)
at org.apache.maven.surefire.booter.ForkedBooter.runSuitesInProcess(ForkedBooter.java:428)
at org.apache.maven.surefire.booter.ForkedBooter.execute(ForkedBooter.java:162)
at org.apache.maven.surefire.booter.ForkedBooter.run(ForkedBooter.java:562)
at org.apache.maven.surefire.booter.ForkedBooter.main(ForkedBooter.java:548)
]]>
            </full-stacktrace>
          </exception> <!-- org.openqa.selenium.TimeoutException -->
          <reporter-output>
          </reporter-output>
        </test-method> <!-- setUp -->
        <test-method signature="invalidLoginTest()[pri:0, instance:automation.saucedemo.LoginTests@2954b5ea]" started-at="2024-05-06T21:18:20 COT" name="invalidLoginTest" finished-at="2024-05-06T21:18:20 COT" duration-ms="0" status="SKIP">
          <exception class="org.openqa.selenium.TimeoutException">
            <message>
              <![CDATA[Expected condition failed: waiting for visibility of element located by By.id: user-name (tried for 5 second(s) with 500 milliseconds interval)
Build info: version: '4.20.0', revision: '866c76ca80'
System info: os.name: 'Windows 10', os.arch: 'amd64', os.version: '10.0', java.version: '18.0.1.1'
Driver info: org.openqa.selenium.chrome.ChromeDriver
Capabilities {acceptInsecureCerts: false, browserName: chrome, browserVersion: 121.0.6167.161, chrome: {chromedriverVersion: 121.0.6167.184 (057a8ae7deb..., userDataDir: C:\Users\SuperUs\AppData\Lo...}, fedcm:accounts: true, goog:chromeOptions: {debuggerAddress: localhost:58077}, networkConnectionEnabled: false, pageLoadStrategy: normal, platformName: windows, proxy: Proxy(), se:cdp: ws://localhost:58077/devtoo..., se:cdpVersion: 121.0.6167.161, setWindowRect: true, strictFileInteractability: false, timeouts: {implicit: 0, pageLoad: 300000, script: 30000}, unhandledPromptBehavior: dismiss and notify, webauthn:extension:credBlob: true, webauthn:extension:largeBlob: true, webauthn:extension:minPinLength: true, webauthn:extension:prf: true, webauthn:virtualAuthenticators: true}
Session ID: 2e5217c347db12975879067fc3011e69]]>
            </message>
            <full-stacktrace>
              <![CDATA[org.openqa.selenium.TimeoutException: Expected condition failed: waiting for visibility of element located by By.id: user-name (tried for 5 second(s) with 500 milliseconds interval)
Build info: version: '4.20.0', revision: '866c76ca80'
System info: os.name: 'Windows 10', os.arch: 'amd64', os.version: '10.0', java.version: '18.0.1.1'
Driver info: org.openqa.selenium.chrome.ChromeDriver
Capabilities {acceptInsecureCerts: false, browserName: chrome, browserVersion: 121.0.6167.161, chrome: {chromedriverVersion: 121.0.6167.184 (057a8ae7deb..., userDataDir: C:\Users\SuperUs\AppData\Lo...}, fedcm:accounts: true, goog:chromeOptions: {debuggerAddress: localhost:58077}, networkConnectionEnabled: false, pageLoadStrategy: normal, platformName: windows, proxy: Proxy(), se:cdp: ws://localhost:58077/devtoo..., se:cdpVersion: 121.0.6167.161, setWindowRect: true, strictFileInteractability: false, timeouts: {implicit: 0, pageLoad: 300000, script: 30000}, unhandledPromptBehavior: dismiss and notify, webauthn:extension:credBlob: true, webauthn:extension:largeBlob: true, webauthn:extension:minPinLength: true, webauthn:extension:prf: true, webauthn:virtualAuthenticators: true}
Session ID: 2e5217c347db12975879067fc3011e69
at org.openqa.selenium.support.ui.WebDriverWait.timeoutException(WebDriverWait.java:84)
at org.openqa.selenium.support.ui.FluentWait.until(FluentWait.java:228)
at utilities.BasePage.waitPage(BasePage.java:32)
at pages.saucedemo.LoginPage.waitPageToLoad(LoginPage.java:18)
at utilities.CommonFlows.goToLoginPage(CommonFlows.java:26)
at automation.saucedemo.LoginTests.setUp(LoginTests.java:14)
at java.base/jdk.internal.reflect.DirectMethodHandleAccessor.invoke(DirectMethodHandleAccessor.java:104)
at java.base/java.lang.reflect.Method.invoke(Method.java:577)
at org.testng.internal.invokers.MethodInvocationHelper.invokeMethod(MethodInvocationHelper.java:141)
at org.testng.internal.invokers.MethodInvocationHelper.invokeMethodConsideringTimeout(MethodInvocationHelper.java:71)
at org.testng.internal.invokers.ConfigInvoker.invokeConfigurationMethod(ConfigInvoker.java:400)
at org.testng.internal.invokers.ConfigInvoker.invokeConfigurations(ConfigInvoker.java:333)
at org.testng.internal.invokers.TestInvoker.runConfigMethods(TestInvoker.java:833)
at org.testng.internal.invokers.TestInvoker.invokeMethod(TestInvoker.java:600)
at org.testng.internal.invokers.TestInvoker.invokeTestMethod(TestInvoker.java:230)
at org.testng.internal.invokers.MethodRunner.runInSequence(MethodRunner.java:63)
at org.testng.internal.invokers.TestInvoker$MethodInvocationAgent.invoke(TestInvoker.java:992)
at org.testng.internal.invokers.TestInvoker.invokeTestMethods(TestInvoker.java:203)
at org.testng.internal.invokers.TestMethodWorker.invokeTestMethods(TestMethodWorker.java:154)
at org.testng.internal.invokers.TestMethodWorker.run(TestMethodWorker.java:134)
at java.base/java.util.ArrayList.forEach(ArrayList.java:1511)
at org.testng.TestRunner.privateRun(TestRunner.java:739)
at org.testng.TestRunner.run(TestRunner.java:614)
at org.testng.SuiteRunner.runTest(SuiteRunner.java:421)
at org.testng.SuiteRunner.runSequentially(SuiteRunner.java:413)
at org.testng.SuiteRunner.privateRun(SuiteRunner.java:373)
at org.testng.SuiteRunner.run(SuiteRunner.java:312)
at org.testng.SuiteRunnerWorker.runSuite(SuiteRunnerWorker.java:52)
at org.testng.SuiteRunnerWorker.run(SuiteRunnerWorker.java:95)
at org.testng.TestNG.runSuitesSequentially(TestNG.java:1274)
at org.testng.TestNG.runSuitesLocally(TestNG.java:1208)
at org.testng.TestNG.runSuites(TestNG.java:1112)
at org.testng.TestNG.run(TestNG.java:1079)
at org.apache.maven.surefire.testng.TestNGExecutor.run(TestNGExecutor.java:136)
at org.apache.maven.surefire.testng.TestNGDirectoryTestSuite.executeMulti(TestNGDirectoryTestSuite.java:193)
at org.apache.maven.surefire.testng.TestNGDirectoryTestSuite.execute(TestNGDirectoryTestSuite.java:94)
at org.apache.maven.surefire.testng.TestNGProvider.invoke(TestNGProvider.java:145)
at org.apache.maven.surefire.booter.ForkedBooter.runSuitesInProcess(ForkedBooter.java:428)
at org.apache.maven.surefire.booter.ForkedBooter.execute(ForkedBooter.java:162)
at org.apache.maven.surefire.booter.ForkedBooter.run(ForkedBooter.java:562)
at org.apache.maven.surefire.booter.ForkedBooter.main(ForkedBooter.java:548)
]]>
            </full-stacktrace>
          </exception> <!-- org.openqa.selenium.TimeoutException -->
          <reporter-output>
          </reporter-output>
        </test-method> <!-- invalidLoginTest -->
        <test-method is-config="true" signature="masterTearDown()[pri:0, instance:automation.saucedemo.LoginTests@2954b5ea]" started-at="2024-05-06T21:18:20 COT" name="masterTearDown" finished-at="2024-05-06T21:18:20 COT" duration-ms="481" status="PASS">
          <reporter-output>
          </reporter-output>
        </test-method> <!-- masterTearDown -->
        <test-method is-config="true" signature="masterSetUp()[pri:0, instance:automation.saucedemo.LoginTests@2954b5ea]" started-at="2024-05-06T21:18:20 COT" name="masterSetUp" finished-at="2024-05-06T21:18:24 COT" duration-ms="3322" status="PASS">
          <reporter-output>
          </reporter-output>
        </test-method> <!-- masterSetUp -->
        <test-method is-config="true" signature="setUp()[pri:0, instance:automation.saucedemo.LoginTests@2954b5ea]" started-at="2024-05-06T21:18:24 COT" name="setUp" finished-at="2024-05-06T21:18:45 COT" duration-ms="21373" status="FAIL">
          <exception class="org.openqa.selenium.TimeoutException">
            <message>
              <![CDATA[Expected condition failed: waiting for visibility of element located by By.id: user-name (tried for 5 second(s) with 500 milliseconds interval)
Build info: version: '4.20.0', revision: '866c76ca80'
System info: os.name: 'Windows 10', os.arch: 'amd64', os.version: '10.0', java.version: '18.0.1.1'
Driver info: org.openqa.selenium.chrome.ChromeDriver
Capabilities {acceptInsecureCerts: false, browserName: chrome, browserVersion: 121.0.6167.161, chrome: {chromedriverVersion: 121.0.6167.184 (057a8ae7deb..., userDataDir: C:\Users\SuperUs\AppData\Lo...}, fedcm:accounts: true, goog:chromeOptions: {debuggerAddress: localhost:51751}, networkConnectionEnabled: false, pageLoadStrategy: normal, platformName: windows, proxy: Proxy(), se:cdp: ws://localhost:51751/devtoo..., se:cdpVersion: 121.0.6167.161, setWindowRect: true, strictFileInteractability: false, timeouts: {implicit: 0, pageLoad: 300000, script: 30000}, unhandledPromptBehavior: dismiss and notify, webauthn:extension:credBlob: true, webauthn:extension:largeBlob: true, webauthn:extension:minPinLength: true, webauthn:extension:prf: true, webauthn:virtualAuthenticators: true}
Session ID: 3de2f46a43f8b2052928400b53b1f811]]>
            </message>
            <full-stacktrace>
              <![CDATA[org.openqa.selenium.TimeoutException: Expected condition failed: waiting for visibility of element located by By.id: user-name (tried for 5 second(s) with 500 milliseconds interval)
Build info: version: '4.20.0', revision: '866c76ca80'
System info: os.name: 'Windows 10', os.arch: 'amd64', os.version: '10.0', java.version: '18.0.1.1'
Driver info: org.openqa.selenium.chrome.ChromeDriver
Capabilities {acceptInsecureCerts: false, browserName: chrome, browserVersion: 121.0.6167.161, chrome: {chromedriverVersion: 121.0.6167.184 (057a8ae7deb..., userDataDir: C:\Users\SuperUs\AppData\Lo...}, fedcm:accounts: true, goog:chromeOptions: {debuggerAddress: localhost:51751}, networkConnectionEnabled: false, pageLoadStrategy: normal, platformName: windows, proxy: Proxy(), se:cdp: ws://localhost:51751/devtoo..., se:cdpVersion: 121.0.6167.161, setWindowRect: true, strictFileInteractability: false, timeouts: {implicit: 0, pageLoad: 300000, script: 30000}, unhandledPromptBehavior: dismiss and notify, webauthn:extension:credBlob: true, webauthn:extension:largeBlob: true, webauthn:extension:minPinLength: true, webauthn:extension:prf: true, webauthn:virtualAuthenticators: true}
Session ID: 3de2f46a43f8b2052928400b53b1f811
at org.openqa.selenium.support.ui.WebDriverWait.timeoutException(WebDriverWait.java:84)
at org.openqa.selenium.support.ui.FluentWait.until(FluentWait.java:228)
at utilities.BasePage.waitPage(BasePage.java:32)
at pages.saucedemo.LoginPage.waitPageToLoad(LoginPage.java:18)
at utilities.CommonFlows.goToLoginPage(CommonFlows.java:26)
at automation.saucedemo.LoginTests.setUp(LoginTests.java:14)
at java.base/jdk.internal.reflect.DirectMethodHandleAccessor.invoke(DirectMethodHandleAccessor.java:104)
at java.base/java.lang.reflect.Method.invoke(Method.java:577)
at org.testng.internal.invokers.MethodInvocationHelper.invokeMethod(MethodInvocationHelper.java:141)
at org.testng.internal.invokers.MethodInvocationHelper.invokeMethodConsideringTimeout(MethodInvocationHelper.java:71)
at org.testng.internal.invokers.ConfigInvoker.invokeConfigurationMethod(ConfigInvoker.java:400)
at org.testng.internal.invokers.ConfigInvoker.invokeConfigurations(ConfigInvoker.java:333)
at org.testng.internal.invokers.TestInvoker.runConfigMethods(TestInvoker.java:833)
at org.testng.internal.invokers.TestInvoker.invokeMethod(TestInvoker.java:600)
at org.testng.internal.invokers.TestInvoker.invokeTestMethod(TestInvoker.java:230)
at org.testng.internal.invokers.MethodRunner.runInSequence(MethodRunner.java:63)
at org.testng.internal.invokers.TestInvoker$MethodInvocationAgent.invoke(TestInvoker.java:992)
at org.testng.internal.invokers.TestInvoker.invokeTestMethods(TestInvoker.java:203)
at org.testng.internal.invokers.TestMethodWorker.invokeTestMethods(TestMethodWorker.java:154)
at org.testng.internal.invokers.TestMethodWorker.run(TestMethodWorker.java:134)
at java.base/java.util.ArrayList.forEach(ArrayList.java:1511)
at org.testng.TestRunner.privateRun(TestRunner.java:739)
at org.testng.TestRunner.run(TestRunner.java:614)
at org.testng.SuiteRunner.runTest(SuiteRunner.java:421)
at org.testng.SuiteRunner.runSequentially(SuiteRunner.java:413)
at org.testng.SuiteRunner.privateRun(SuiteRunner.java:373)
at org.testng.SuiteRunner.run(SuiteRunner.java:312)
at org.testng.SuiteRunnerWorker.runSuite(SuiteRunnerWorker.java:52)
at org.testng.SuiteRunnerWorker.run(SuiteRunnerWorker.java:95)
at org.testng.TestNG.runSuitesSequentially(TestNG.java:1274)
at org.testng.TestNG.runSuitesLocally(TestNG.java:1208)
at org.testng.TestNG.runSuites(TestNG.java:1112)
at org.testng.TestNG.run(TestNG.java:1079)
at org.apache.maven.surefire.testng.TestNGExecutor.run(TestNGExecutor.java:136)
at org.apache.maven.surefire.testng.TestNGDirectoryTestSuite.executeMulti(TestNGDirectoryTestSuite.java:193)
at org.apache.maven.surefire.testng.TestNGDirectoryTestSuite.execute(TestNGDirectoryTestSuite.java:94)
at org.apache.maven.surefire.testng.TestNGProvider.invoke(TestNGProvider.java:145)
at org.apache.maven.surefire.booter.ForkedBooter.runSuitesInProcess(ForkedBooter.java:428)
at org.apache.maven.surefire.booter.ForkedBooter.execute(ForkedBooter.java:162)
at org.apache.maven.surefire.booter.ForkedBooter.run(ForkedBooter.java:562)
at org.apache.maven.surefire.booter.ForkedBooter.main(ForkedBooter.java:548)
]]>
            </full-stacktrace>
          </exception> <!-- org.openqa.selenium.TimeoutException -->
          <reporter-output>
          </reporter-output>
        </test-method> <!-- setUp -->
        <test-method signature="verifyLoginPageTest()[pri:0, instance:automation.saucedemo.LoginTests@2954b5ea]" started-at="2024-05-06T21:18:46 COT" name="verifyLoginPageTest" finished-at="2024-05-06T21:18:46 COT" duration-ms="2" status="SKIP">
          <exception class="org.openqa.selenium.TimeoutException">
            <message>
              <![CDATA[Expected condition failed: waiting for visibility of element located by By.id: user-name (tried for 5 second(s) with 500 milliseconds interval)
Build info: version: '4.20.0', revision: '866c76ca80'
System info: os.name: 'Windows 10', os.arch: 'amd64', os.version: '10.0', java.version: '18.0.1.1'
Driver info: org.openqa.selenium.chrome.ChromeDriver
Capabilities {acceptInsecureCerts: false, browserName: chrome, browserVersion: 121.0.6167.161, chrome: {chromedriverVersion: 121.0.6167.184 (057a8ae7deb..., userDataDir: C:\Users\SuperUs\AppData\Lo...}, fedcm:accounts: true, goog:chromeOptions: {debuggerAddress: localhost:51751}, networkConnectionEnabled: false, pageLoadStrategy: normal, platformName: windows, proxy: Proxy(), se:cdp: ws://localhost:51751/devtoo..., se:cdpVersion: 121.0.6167.161, setWindowRect: true, strictFileInteractability: false, timeouts: {implicit: 0, pageLoad: 300000, script: 30000}, unhandledPromptBehavior: dismiss and notify, webauthn:extension:credBlob: true, webauthn:extension:largeBlob: true, webauthn:extension:minPinLength: true, webauthn:extension:prf: true, webauthn:virtualAuthenticators: true}
Session ID: 3de2f46a43f8b2052928400b53b1f811]]>
            </message>
            <full-stacktrace>
              <![CDATA[org.openqa.selenium.TimeoutException: Expected condition failed: waiting for visibility of element located by By.id: user-name (tried for 5 second(s) with 500 milliseconds interval)
Build info: version: '4.20.0', revision: '866c76ca80'
System info: os.name: 'Windows 10', os.arch: 'amd64', os.version: '10.0', java.version: '18.0.1.1'
Driver info: org.openqa.selenium.chrome.ChromeDriver
Capabilities {acceptInsecureCerts: false, browserName: chrome, browserVersion: 121.0.6167.161, chrome: {chromedriverVersion: 121.0.6167.184 (057a8ae7deb..., userDataDir: C:\Users\SuperUs\AppData\Lo...}, fedcm:accounts: true, goog:chromeOptions: {debuggerAddress: localhost:51751}, networkConnectionEnabled: false, pageLoadStrategy: normal, platformName: windows, proxy: Proxy(), se:cdp: ws://localhost:51751/devtoo..., se:cdpVersion: 121.0.6167.161, setWindowRect: true, strictFileInteractability: false, timeouts: {implicit: 0, pageLoad: 300000, script: 30000}, unhandledPromptBehavior: dismiss and notify, webauthn:extension:credBlob: true, webauthn:extension:largeBlob: true, webauthn:extension:minPinLength: true, webauthn:extension:prf: true, webauthn:virtualAuthenticators: true}
Session ID: 3de2f46a43f8b2052928400b53b1f811
at org.openqa.selenium.support.ui.WebDriverWait.timeoutException(WebDriverWait.java:84)
at org.openqa.selenium.support.ui.FluentWait.until(FluentWait.java:228)
at utilities.BasePage.waitPage(BasePage.java:32)
at pages.saucedemo.LoginPage.waitPageToLoad(LoginPage.java:18)
at utilities.CommonFlows.goToLoginPage(CommonFlows.java:26)
at automation.saucedemo.LoginTests.setUp(LoginTests.java:14)
at java.base/jdk.internal.reflect.DirectMethodHandleAccessor.invoke(DirectMethodHandleAccessor.java:104)
at java.base/java.lang.reflect.Method.invoke(Method.java:577)
at org.testng.internal.invokers.MethodInvocationHelper.invokeMethod(MethodInvocationHelper.java:141)
at org.testng.internal.invokers.MethodInvocationHelper.invokeMethodConsideringTimeout(MethodInvocationHelper.java:71)
at org.testng.internal.invokers.ConfigInvoker.invokeConfigurationMethod(ConfigInvoker.java:400)
at org.testng.internal.invokers.ConfigInvoker.invokeConfigurations(ConfigInvoker.java:333)
at org.testng.internal.invokers.TestInvoker.runConfigMethods(TestInvoker.java:833)
at org.testng.internal.invokers.TestInvoker.invokeMethod(TestInvoker.java:600)
at org.testng.internal.invokers.TestInvoker.invokeTestMethod(TestInvoker.java:230)
at org.testng.internal.invokers.MethodRunner.runInSequence(MethodRunner.java:63)
at org.testng.internal.invokers.TestInvoker$MethodInvocationAgent.invoke(TestInvoker.java:992)
at org.testng.internal.invokers.TestInvoker.invokeTestMethods(TestInvoker.java:203)
at org.testng.internal.invokers.TestMethodWorker.invokeTestMethods(TestMethodWorker.java:154)
at org.testng.internal.invokers.TestMethodWorker.run(TestMethodWorker.java:134)
at java.base/java.util.ArrayList.forEach(ArrayList.java:1511)
at org.testng.TestRunner.privateRun(TestRunner.java:739)
at org.testng.TestRunner.run(TestRunner.java:614)
at org.testng.SuiteRunner.runTest(SuiteRunner.java:421)
at org.testng.SuiteRunner.runSequentially(SuiteRunner.java:413)
at org.testng.SuiteRunner.privateRun(SuiteRunner.java:373)
at org.testng.SuiteRunner.run(SuiteRunner.java:312)
at org.testng.SuiteRunnerWorker.runSuite(SuiteRunnerWorker.java:52)
at org.testng.SuiteRunnerWorker.run(SuiteRunnerWorker.java:95)
at org.testng.TestNG.runSuitesSequentially(TestNG.java:1274)
at org.testng.TestNG.runSuitesLocally(TestNG.java:1208)
at org.testng.TestNG.runSuites(TestNG.java:1112)
at org.testng.TestNG.run(TestNG.java:1079)
at org.apache.maven.surefire.testng.TestNGExecutor.run(TestNGExecutor.java:136)
at org.apache.maven.surefire.testng.TestNGDirectoryTestSuite.executeMulti(TestNGDirectoryTestSuite.java:193)
at org.apache.maven.surefire.testng.TestNGDirectoryTestSuite.execute(TestNGDirectoryTestSuite.java:94)
at org.apache.maven.surefire.testng.TestNGProvider.invoke(TestNGProvider.java:145)
at org.apache.maven.surefire.booter.ForkedBooter.runSuitesInProcess(ForkedBooter.java:428)
at org.apache.maven.surefire.booter.ForkedBooter.execute(ForkedBooter.java:162)
at org.apache.maven.surefire.booter.ForkedBooter.run(ForkedBooter.java:562)
at org.apache.maven.surefire.booter.ForkedBooter.main(ForkedBooter.java:548)
]]>
            </full-stacktrace>
          </exception> <!-- org.openqa.selenium.TimeoutException -->
          <reporter-output>
          </reporter-output>
        </test-method> <!-- verifyLoginPageTest -->
        <test-method is-config="true" signature="masterTearDown()[pri:0, instance:automation.saucedemo.LoginTests@2954b5ea]" started-at="2024-05-06T21:18:46 COT" name="masterTearDown" finished-at="2024-05-06T21:18:47 COT" duration-ms="1326" status="PASS">
          <reporter-output>
          </reporter-output>
        </test-method> <!-- masterTearDown -->
      </class> <!-- automation.saucedemo.LoginTests -->
      <class name="automation.saucedemo.ItemDetailsTests">
        <test-method is-config="true" signature="masterSetUp()[pri:0, instance:automation.saucedemo.ItemDetailsTests@65753040]" started-at="2024-05-06T21:17:26 COT" name="masterSetUp" finished-at="2024-05-06T21:17:29 COT" duration-ms="2888" status="PASS">
          <reporter-output>
          </reporter-output>
        </test-method> <!-- masterSetUp -->
        <test-method is-config="true" signature="setUp()[pri:0, instance:automation.saucedemo.ItemDetailsTests@65753040]" started-at="2024-05-06T21:17:29 COT" name="setUp" finished-at="2024-05-06T21:17:32 COT" duration-ms="2955" status="PASS">
          <reporter-output>
          </reporter-output>
        </test-method> <!-- setUp -->
        <test-method signature="backToProductsTest()[pri:0, instance:automation.saucedemo.ItemDetailsTests@65753040]" started-at="2024-05-06T21:17:32 COT" name="backToProductsTest" finished-at="2024-05-06T21:17:33 COT" duration-ms="511" status="PASS">
          <reporter-output>
          </reporter-output>
        </test-method> <!-- backToProductsTest -->
        <test-method is-config="true" signature="masterTearDown()[pri:0, instance:automation.saucedemo.ItemDetailsTests@65753040]" started-at="2024-05-06T21:17:33 COT" name="masterTearDown" finished-at="2024-05-06T21:17:33 COT" duration-ms="417" status="PASS">
          <reporter-output>
          </reporter-output>
        </test-method> <!-- masterTearDown -->
        <test-method is-config="true" signature="masterSetUp()[pri:0, instance:automation.saucedemo.ItemDetailsTests@65753040]" started-at="2024-05-06T21:17:33 COT" name="masterSetUp" finished-at="2024-05-06T21:17:36 COT" duration-ms="2880" status="PASS">
          <reporter-output>
          </reporter-output>
        </test-method> <!-- masterSetUp -->
        <test-method is-config="true" signature="setUp()[pri:0, instance:automation.saucedemo.ItemDetailsTests@65753040]" started-at="2024-05-06T21:17:36 COT" name="setUp" finished-at="2024-05-06T21:17:39 COT" duration-ms="2851" status="PASS">
          <reporter-output>
          </reporter-output>
        </test-method> <!-- setUp -->
        <test-method signature="itemDetailsTest()[pri:0, instance:automation.saucedemo.ItemDetailsTests@65753040]" started-at="2024-05-06T21:17:39 COT" name="itemDetailsTest" finished-at="2024-05-06T21:17:39 COT" duration-ms="245" status="PASS">
          <reporter-output>
          </reporter-output>
        </test-method> <!-- itemDetailsTest -->
        <test-method is-config="true" signature="masterTearDown()[pri:0, instance:automation.saucedemo.ItemDetailsTests@65753040]" started-at="2024-05-06T21:17:39 COT" name="masterTearDown" finished-at="2024-05-06T21:17:39 COT" duration-ms="402" status="PASS">
          <reporter-output>
          </reporter-output>
        </test-method> <!-- masterTearDown -->
      </class> <!-- automation.saucedemo.ItemDetailsTests -->
      <class name="automation.saucedemo.FooterTests">
        <test-method is-config="true" signature="masterSetUp()[pri:0, instance:automation.saucedemo.FooterTests@730e5763]" started-at="2024-05-06T21:17:20 COT" name="masterSetUp" finished-at="2024-05-06T21:17:23 COT" duration-ms="2974" status="PASS">
          <reporter-output>
          </reporter-output>
        </test-method> <!-- masterSetUp -->
        <test-method is-config="true" signature="setUp()[pri:0, instance:automation.saucedemo.FooterTests@730e5763]" started-at="2024-05-06T21:17:23 COT" name="setUp" finished-at="2024-05-06T21:17:25 COT" duration-ms="2286" status="PASS">
          <reporter-output>
          </reporter-output>
        </test-method> <!-- setUp -->
        <test-method signature="socialMediaLinksTest()[pri:0, instance:automation.saucedemo.FooterTests@730e5763]" started-at="2024-05-06T21:17:25 COT" name="socialMediaLinksTest" finished-at="2024-05-06T21:17:26 COT" duration-ms="311" status="PASS">
          <reporter-output>
          </reporter-output>
        </test-method> <!-- socialMediaLinksTest -->
        <test-method is-config="true" signature="masterTearDown()[pri:0, instance:automation.saucedemo.FooterTests@730e5763]" started-at="2024-05-06T21:17:26 COT" name="masterTearDown" finished-at="2024-05-06T21:17:26 COT" duration-ms="461" status="PASS">
          <reporter-output>
          </reporter-output>
        </test-method> <!-- masterTearDown -->
      </class> <!-- automation.saucedemo.FooterTests -->
      <class name="automation.saucedemo.BurgerMenuTests">
        <test-method is-config="true" signature="masterSetUp()[pri:0, instance:automation.saucedemo.BurgerMenuTests@8ff5094]" started-at="2024-05-06T21:16:56 COT" name="masterSetUp" finished-at="2024-05-06T21:17:07 COT" duration-ms="11782" status="PASS">
          <reporter-output>
          </reporter-output>
        </test-method> <!-- masterSetUp -->
        <test-method is-config="true" signature="setUp()[pri:0, instance:automation.saucedemo.BurgerMenuTests@8ff5094]" started-at="2024-05-06T21:17:08 COT" name="setUp" finished-at="2024-05-06T21:17:12 COT" duration-ms="4367" status="PASS">
          <reporter-output>
          </reporter-output>
        </test-method> <!-- setUp -->
        <test-method signature="aboutButtonTest()[pri:0, instance:automation.saucedemo.BurgerMenuTests@8ff5094]" started-at="2024-05-06T21:17:12 COT" name="aboutButtonTest" finished-at="2024-05-06T21:17:13 COT" duration-ms="340" status="PASS">
          <reporter-output>
          </reporter-output>
        </test-method> <!-- aboutButtonTest -->
        <test-method is-config="true" signature="masterTearDown()[pri:0, instance:automation.saucedemo.BurgerMenuTests@8ff5094]" started-at="2024-05-06T21:17:13 COT" name="masterTearDown" finished-at="2024-05-06T21:17:13 COT" duration-ms="463" status="PASS">
          <reporter-output>
          </reporter-output>
        </test-method> <!-- masterTearDown -->
        <test-method is-config="true" signature="masterSetUp()[pri:0, instance:automation.saucedemo.BurgerMenuTests@8ff5094]" started-at="2024-05-06T21:17:13 COT" name="masterSetUp" finished-at="2024-05-06T21:17:16 COT" duration-ms="3240" status="PASS">
          <reporter-output>
          </reporter-output>
        </test-method> <!-- masterSetUp -->
        <test-method is-config="true" signature="setUp()[pri:0, instance:automation.saucedemo.BurgerMenuTests@8ff5094]" started-at="2024-05-06T21:17:16 COT" name="setUp" finished-at="2024-05-06T21:17:19 COT" duration-ms="2713" status="PASS">
          <reporter-output>
          </reporter-output>
        </test-method> <!-- setUp -->
        <test-method signature="logoutTest()[pri:0, instance:automation.saucedemo.BurgerMenuTests@8ff5094]" started-at="2024-05-06T21:17:19 COT" name="logoutTest" finished-at="2024-05-06T21:17:20 COT" duration-ms="612" status="PASS">
          <reporter-output>
          </reporter-output>
        </test-method> <!-- logoutTest -->
        <test-method is-config="true" signature="masterTearDown()[pri:0, instance:automation.saucedemo.BurgerMenuTests@8ff5094]" started-at="2024-05-06T21:17:20 COT" name="masterTearDown" finished-at="2024-05-06T21:17:20 COT" duration-ms="429" status="PASS">
          <reporter-output>
          </reporter-output>
        </test-method> <!-- masterTearDown -->
      </class> <!-- automation.saucedemo.BurgerMenuTests -->
    </test> <!-- Surefire test -->
  </suite> <!-- Surefire suite -->
</testng-results>
